0 info it worked if it ends with ok
1 verbose cli [ 'C:\\Program Files\\nodejs\\\\node.exe',
1 verbose cli   'C:\\Program Files\\nodejs\\node_modules\\npm\\bin\\npm-cli.js',
1 verbose cli   'isntall',
1 verbose cli   'backbone.bootstrap-modal' ]
2 info using npm@1.4.28
3 info using node@v0.10.33
4 verbose node symlink C:\Program Files\nodejs\\node.exe
5 warn package.json hoteles@0.0.0 No description
6 warn package.json hoteles@0.0.0 No repository field.
7 warn package.json hoteles@0.0.0 No README data
8 verbose readDependencies using package.json deps
9 verbose cache add [ 'backbone.bootstrap-modal', null ]
10 verbose cache add name=undefined spec="backbone.bootstrap-modal" args=["backbone.bootstrap-modal",null]
11 verbose parsed url { protocol: null,
11 verbose parsed url   slashes: null,
11 verbose parsed url   auth: null,
11 verbose parsed url   host: null,
11 verbose parsed url   port: null,
11 verbose parsed url   hostname: null,
11 verbose parsed url   hash: null,
11 verbose parsed url   search: null,
11 verbose parsed url   query: null,
11 verbose parsed url   pathname: 'backbone.bootstrap-modal',
11 verbose parsed url   path: 'backbone.bootstrap-modal',
11 verbose parsed url   href: 'backbone.bootstrap-modal' }
12 silly lockFile 56360d86-backbone-bootstrap-modal backbone.bootstrap-modal
13 verbose lock backbone.bootstrap-modal C:\Users\ozunas\AppData\Roaming\npm-cache\56360d86-backbone-bootstrap-modal.lock
14 silly lockFile 56360d86-backbone-bootstrap-modal backbone.bootstrap-modal
15 silly lockFile 56360d86-backbone-bootstrap-modal backbone.bootstrap-modal
16 verbose addNamed [ 'backbone.bootstrap-modal', '' ]
17 verbose addNamed [ null, '*' ]
18 silly lockFile ce9f08af-backbone-bootstrap-modal backbone.bootstrap-modal@
19 verbose lock backbone.bootstrap-modal@ C:\Users\ozunas\AppData\Roaming\npm-cache\ce9f08af-backbone-bootstrap-modal.lock
20 silly addNameRange { name: 'backbone.bootstrap-modal', range: '*', hasData: false }
21 verbose request where is /backbone.bootstrap-modal
22 verbose request registry https://registry.npmjs.org/
23 verbose request id 936b97810bb6f000
24 verbose url raw /backbone.bootstrap-modal
25 verbose url resolving [ 'https://registry.npmjs.org/', './backbone.bootstrap-modal' ]
26 verbose url resolved https://registry.npmjs.org/backbone.bootstrap-modal
27 verbose request where is https://registry.npmjs.org/backbone.bootstrap-modal
28 info trying registry request attempt 1 at 20:39:15
29 http GET https://registry.npmjs.org/backbone.bootstrap-modal
30 http 404 https://registry.npmjs.org/backbone.bootstrap-modal
31 verbose headers { date: 'Sun, 16 Nov 2014 23:39:13 GMT',
31 verbose headers   server: 'CouchDB/1.5.0 (Erlang OTP/R16B03)',
31 verbose headers   'content-type': 'application/json',
31 verbose headers   'cache-control': 'max-age=0',
31 verbose headers   'content-length': '52',
31 verbose headers   'accept-ranges': 'bytes',
31 verbose headers   via: '1.1 varnish',
31 verbose headers   age: '0',
31 verbose headers   'x-served-by': 'cache-atl6220-ATL',
31 verbose headers   'x-cache': 'MISS',
31 verbose headers   'x-cache-hits': '0',
31 verbose headers   'x-timer': 'S1416181153.668487,VS0,VE24',
31 verbose headers   'keep-alive': 'timeout=10, max=50',
31 verbose headers   connection: 'Keep-Alive' }
32 silly registry.get cb [ 404,
32 silly registry.get   { date: 'Sun, 16 Nov 2014 23:39:13 GMT',
32 silly registry.get     server: 'CouchDB/1.5.0 (Erlang OTP/R16B03)',
32 silly registry.get     'content-type': 'application/json',
32 silly registry.get     'cache-control': 'max-age=0',
32 silly registry.get     'content-length': '52',
32 silly registry.get     'accept-ranges': 'bytes',
32 silly registry.get     via: '1.1 varnish',
32 silly registry.get     age: '0',
32 silly registry.get     'x-served-by': 'cache-atl6220-ATL',
32 silly registry.get     'x-cache': 'MISS',
32 silly registry.get     'x-cache-hits': '0',
32 silly registry.get     'x-timer': 'S1416181153.668487,VS0,VE24',
32 silly registry.get     'keep-alive': 'timeout=10, max=50',
32 silly registry.get     connection: 'Keep-Alive' } ]
33 silly lockFile ce9f08af-backbone-bootstrap-modal backbone.bootstrap-modal@
34 silly lockFile ce9f08af-backbone-bootstrap-modal backbone.bootstrap-modal@
35 error 404 404 Not Found: backbone.bootstrap-modal
35 error 404
35 error 404 'backbone.bootstrap-modal' is not in the npm registry.
35 error 404 You should bug the author to publish it
35 error 404 It was specified as a dependency of 'hoteles'
35 error 404
35 error 404 Note that you can also install from a
35 error 404 tarball, folder, or http url, or git url.
36 error System Windows_NT 6.1.7601
37 error command "C:\\Program Files\\nodejs\\\\node.exe" "C:\\Program Files\\nodejs\\node_modules\\npm\\bin\\npm-cli.js" "isntall" "backbone.bootstrap-modal"
38 error cwd C:\Users\ozunas\Documents\Mis Proyectos\prueba
39 error node -v v0.10.33
40 error npm -v 1.4.28
41 error code E404
42 verbose exit [ 1, true ]
